[31m[2019-12-08 16:03:01,151] [logger.py:104] [logger:__console] [ERROR]- é¡µé¢ä¸­æœªèƒ½æ‰¾åˆ°å…ƒç´ ï¼š('id', 'name')[0m
[31m[2019-12-08 16:03:12,247] [logger.py:104] [logger:__console] [ERROR]- é¡µé¢ä¸­æœªèƒ½æ‰¾åˆ°å…ƒç´ ï¼š('id', 'tv_skip')[0m
[31m[2019-12-08 16:03:23,115] [logger.py:104] [logger:__console] [ERROR]- é¡µé¢ä¸­æœªèƒ½æ‰¾åˆ°å…ƒç´ ï¼š('id', 'tv_search')[0m
[31m[2019-12-08 16:03:40,443] [logger.py:104] [logger:__console] [ERROR]- é¡µé¢ä¸­æœªèƒ½æ‰¾åˆ°å…ƒç´ ï¼š('id', 'tv_skip')[0m
[31m[2019-12-08 16:03:51,522] [logger.py:104] [logger:__console] [ERROR]- é¡µé¢ä¸­æœªèƒ½æ‰¾åˆ°å…ƒç´ ï¼š('id', 'tv_search')[0m
[31m[2019-12-08 16:12:00,870] [logger.py:104] [logger:__console] [ERROR]- é¡µé¢ä¸­æœªèƒ½æ‰¾åˆ°å…ƒç´ ï¼š('id', 'tv_skip')[0m
[31m[2019-12-08 16:12:11,860] [logger.py:104] [logger:__console] [ERROR]- é¡µé¢ä¸­æœªèƒ½æ‰¾åˆ°å…ƒç´ ï¼š('id', 'tv_search')[0m
[31m[2019-12-08 16:12:28,091] [logger.py:104] [logger:__console] [ERROR]- é¡µé¢ä¸­æœªèƒ½æ‰¾åˆ°å…ƒç´ ï¼š('id', 'tv_skip')[0m
[31m[2019-12-08 16:12:38,939] [logger.py:104] [logger:__console] [ERROR]- é¡µé¢ä¸­æœªèƒ½æ‰¾åˆ°å…ƒç´ ï¼š('id', 'tv_search')[0m
[31m[2019-12-08 16:12:59,063] [logger.py:104] [logger:__console] [ERROR]- é¡µé¢ä¸­æœªèƒ½æ‰¾åˆ°å…ƒç´ ï¼š('id', 'current_price')[0m
[31m[2019-12-08 16:14:33,012] [logger.py:104] [logger:__console] [ERROR]- é¡µé¢ä¸­æœªèƒ½æ‰¾åˆ°å…ƒç´ ï¼š('id', 'current_price')[0m
[31m[2019-12-08 16:14:34,098] [logger.py:104] [logger:__console] [ERROR]- é¡µé¢ä¸­æœªèƒ½æ‰¾åˆ°å…ƒç´ ï¼š('id', 'tv_skip')[0m
[31m[2019-12-08 16:14:34,107] [logger.py:104] [logger:__console] [ERROR]- é¡µé¢ä¸­æœªèƒ½æ‰¾åˆ°å…ƒç´ ï¼š('id', 'tv_search')[0m
[31m[2019-12-08 16:14:34,117] [logger.py:104] [logger:__console] [ERROR]- é¡µé¢ä¸­æœªèƒ½æ‰¾åˆ°å…ƒç´ ï¼š('id', 'search_input_text')[0m
[31m[2019-12-08 16:14:34,172] [logger.py:104] [logger:__console] [ERROR]- é¡µé¢ä¸­æœªèƒ½æ‰¾åˆ°å…ƒç´ ï¼š('id', 'tv_skip')[0m
[31m[2019-12-08 16:14:34,182] [logger.py:104] [logger:__console] [ERROR]- é¡µé¢ä¸­æœªèƒ½æ‰¾åˆ°å…ƒç´ ï¼š('id', 'tv_search')[0m
[31m[2019-12-08 16:14:34,191] [logger.py:104] [logger:__console] [ERROR]- é¡µé¢ä¸­æœªèƒ½æ‰¾åˆ°å…ƒç´ ï¼š('id', 'search_input_text')[0m
[31m[2019-12-08 16:17:06,259] [logger.py:104] [logger:__console] [ERROR]- é¡µé¢ä¸­æœªèƒ½æ‰¾åˆ°å…ƒç´ ï¼š('id', 'name')[0m
[31m[2019-12-08 16:17:18,733] [logger.py:104] [logger:__console] [ERROR]- é¡µé¢ä¸­æœªèƒ½æ‰¾åˆ°å…ƒç´ ï¼š('id', 'current_price')[0m
[31m[2019-12-08 16:17:28,998] [logger.py:104] [logger:__console] [ERROR]- é¡µé¢ä¸­æœªèƒ½æ‰¾åˆ°å…ƒç´ ï¼š('id', 'tv_skip')[0m
[31m[2019-12-08 16:17:39,955] [logger.py:104] [logger:__console] [ERROR]- é¡µé¢ä¸­æœªèƒ½æ‰¾åˆ°å…ƒç´ ï¼š('id', 'tv_search')[0m
[31m[2019-12-08 16:17:56,094] [logger.py:104] [logger:__console] [ERROR]- é¡µé¢ä¸­æœªèƒ½æ‰¾åˆ°å…ƒç´ ï¼š('id', 'tv_skip')[0m
[31m[2019-12-08 16:18:06,162] [logger.py:104] [logger:__console] [ERROR]- é¡µé¢ä¸­æœªèƒ½æ‰¾åˆ°å…ƒç´ ï¼š('id', 'tv_search')[0m
[31m[2019-12-08 16:19:08,117] [logger.py:104] [logger:__console] [ERROR]- é¡µé¢ä¸­æœªèƒ½æ‰¾åˆ°å…ƒç´ ï¼š('id', 'name')[0m
[31m[2019-12-08 16:19:20,335] [logger.py:104] [logger:__console] [ERROR]- é¡µé¢ä¸­æœªèƒ½æ‰¾åˆ°å…ƒç´ ï¼š('id', 'current_price')[0m
[31m[2019-12-08 16:19:30,549] [logger.py:104] [logger:__console] [ERROR]- é¡µé¢ä¸­æœªèƒ½æ‰¾åˆ°å…ƒç´ ï¼š('id', 'tv_skip')[0m
[31m[2019-12-08 16:19:41,532] [logger.py:104] [logger:__console] [ERROR]- é¡µé¢ä¸­æœªèƒ½æ‰¾åˆ°å…ƒç´ ï¼š('id', 'tv_search')[0m
[31m[2019-12-08 16:19:57,821] [logger.py:104] [logger:__console] [ERROR]- é¡µé¢ä¸­æœªèƒ½æ‰¾åˆ°å…ƒç´ ï¼š('id', 'tv_skip')[0m
[31m[2019-12-08 16:20:08,154] [logger.py:104] [logger:__console] [ERROR]- é¡µé¢ä¸­æœªèƒ½æ‰¾åˆ°å…ƒç´ ï¼š('id', 'tv_search')[0m
[31m[2019-12-08 16:20:56,309] [logger.py:104] [logger:__console] [ERROR]- é¡µé¢ä¸­æœªèƒ½æ‰¾åˆ°å…ƒç´ ï¼š('id', 'name')[0m
[31m[2019-12-08 16:21:10,644] [logger.py:104] [logger:__console] [ERROR]- é¡µé¢ä¸­æœªèƒ½æ‰¾åˆ°å…ƒç´ ï¼š('id', 'tv_skip')[0m
[31m[2019-12-08 16:21:21,444] [logger.py:104] [logger:__console] [ERROR]- é¡µé¢ä¸­æœªèƒ½æ‰¾åˆ°å…ƒç´ ï¼š('id', 'tv_search')[0m
[31m[2019-12-08 16:21:37,624] [logger.py:104] [logger:__console] [ERROR]- é¡µé¢ä¸­æœªèƒ½æ‰¾åˆ°å…ƒç´ ï¼š('id', 'tv_skip')[0m
[31m[2019-12-08 16:21:48,415] [logger.py:104] [logger:__console] [ERROR]- é¡µé¢ä¸­æœªèƒ½æ‰¾åˆ°å…ƒç´ ï¼š('id', 'tv_search')[0m
[31m[2019-12-08 16:32:37,659] [logger.py:104] [logger:__console] [ERROR]- é¡µé¢ä¸­æœªèƒ½æ‰¾åˆ°å…ƒç´ ï¼š('id', 'tv_skip')[0m
[31m[2019-12-08 16:32:47,994] [logger.py:104] [logger:__console] [ERROR]- é¡µé¢ä¸­æœªèƒ½æ‰¾åˆ°å…ƒç´ ï¼š('id', 'tv_search')[0m
[31m[2019-12-08 16:33:03,530] [logger.py:104] [logger:__console] [ERROR]- é¡µé¢ä¸­æœªèƒ½æ‰¾åˆ°å…ƒç´ ï¼š('id', 'tv_skip')[0m
[31m[2019-12-08 16:33:13,682] [logger.py:104] [logger:__console] [ERROR]- é¡µé¢ä¸­æœªèƒ½æ‰¾åˆ°å…ƒç´ ï¼š('id', 'tv_search')[0m
[31m[2019-12-08 16:58:07,692] [logger.py:104] [logger:__console] [ERROR]- é¡µé¢ä¸­æœªèƒ½æ‰¾åˆ°å…ƒç´ ï¼š('id', 'name')[0m
[31m[2019-12-08 16:59:17,906] [logger.py:104] [logger:__console] [ERROR]- é¡µé¢ä¸­æœªèƒ½æ‰¾åˆ°å…ƒç´ ï¼š('id', 'current_price')[0m
[31m[2019-12-08 17:01:36,146] [logger.py:104] [logger:__console] [ERROR]- é¡µé¢ä¸­æœªèƒ½æ‰¾åˆ°å…ƒç´ ï¼š('id', 'name')[0m
[31m[2019-12-08 17:07:53,297] [logger.py:104] [logger:__console] [ERROR]- é¡µé¢ä¸­æœªèƒ½æ‰¾åˆ°å…ƒç´ ï¼š('id', 'current_price')[0m
[31m[2019-12-08 17:10:54,693] [logger.py:104] [logger:__console] [ERROR]- é¡µé¢ä¸­æœªèƒ½æ‰¾åˆ°å…ƒç´ ï¼š('id', 'current_price')[0m
[31m[2019-12-08 17:24:14,364] [logger.py:104] [logger:__console] [ERROR]- é¡µé¢ä¸­æœªèƒ½æ‰¾åˆ°å…ƒç´ ï¼š('xpath', "*[@text='äº¤æ˜“']")[0m
[31m[2019-12-08 17:25:18,587] [logger.py:104] [logger:__console] [ERROR]- é¡µé¢ä¸­æœªèƒ½æ‰¾åˆ°å…ƒç´ ï¼š('xpath', "//android.widget.TextView[@text='äº¤æ˜“']")[0m
[31m[2019-12-08 17:27:28,604] [logger.py:104] [logger:__console] [ERROR]- é¡µé¢ä¸­æœªèƒ½æ‰¾åˆ°å…ƒç´ ï¼š('xpath', "//*[@text='äº¤æ˜“' and @id='tab_name']")[0m
[31m[2019-12-08 17:28:47,907] [logger.py:104] [logger:__console] [ERROR]- é¡µé¢ä¸­æœªèƒ½æ‰¾åˆ°å…ƒç´ ï¼š('xpath', "//*[@text='äº¤æ˜“' and @resource-id='com.xueqiu.android:id/tab_name']")[0m
[31m[2019-12-08 17:30:25,999] [logger.py:104] [logger:__console] [ERROR]- é¡µé¢ä¸­æœªèƒ½æ‰¾åˆ°å…ƒç´ ï¼š('xpath', "//android.widget.TextView[@text='äº¤æ˜“']")[0m
[31m[2019-12-08 17:31:10,798] [logger.py:104] [logger:__console] [ERROR]- é¡µé¢ä¸­æœªèƒ½æ‰¾åˆ°å…ƒç´ ï¼š('xpath', "//android.widget.TextView[@text='äº¤æ˜“']")[0m
[32m[2019-12-08 17:32:54,949] [logger.py:98] [logger:__console] [INFO]- é¡µé¢ä¸­æœªèƒ½æ‰¾åˆ°å…ƒç´ ï¼š('', 'tab_name')[0m
[32m[2019-12-08 17:33:18,679] [logger.py:98] [logger:__console] [INFO]- é¡µé¢ä¸­æœªèƒ½æ‰¾åˆ°å…ƒç´ ï¼š('id', 'tab_name')[0m
[32m[2019-12-08 17:37:08,377] [logger.py:98] [logger:__console] [INFO]- é¡µé¢ä¸­æœªèƒ½æ‰¾åˆ°å…ƒç´ ï¼š('id', 'tab_name')[0m
[32m[2019-12-08 17:42:17,147] [logger.py:98] [logger:__console] [INFO]- é¡µé¢ä¸­æœªèƒ½æ‰¾åˆ°å…ƒç´ ï¼š('xpath', "//*[@text='äº¤æ˜“']")[0m
[31m[2019-12-08 18:12:23,858] [logger.py:104] [logger:__console] [ERROR]- é¡µé¢ä¸­æœªèƒ½æ‰¾åˆ°å…ƒç´ ï¼š('xpath', "//*[@text='äº¤æ˜“']")[0m
[31m[2019-12-08 18:13:02,696] [logger.py:104] [logger:__console] [ERROR]- é¡µé¢ä¸­æœªèƒ½æ‰¾åˆ°å…ƒç´ ï¼š('xpath', "//android.widget.TextView[@text='æˆ‘çš„']")[0m
[31m[2019-12-08 18:19:49,603] [logger.py:104] [logger:__console] [ERROR]- é¡µé¢ä¸­æœªèƒ½æ‰¾åˆ°å…ƒç´ ï¼š('xpath', '//tab[1]')[0m
[32m[2019-12-08 18:24:36,619] [logger.py:98] [logger:__console] [INFO]- é¡µé¢ä¸­æœªèƒ½æ‰¾åˆ°å…ƒç´ ï¼š('tag name', 'TabWidget')[0m
[32m[2019-12-08 18:25:41,690] [logger.py:98] [logger:__console] [INFO]- é¡µé¢ä¸­æœªèƒ½æ‰¾åˆ°å…ƒç´ ï¼š('id', 'com.xueqiu.android:id/tab_name')[0m
[32m[2019-12-08 18:26:47,916] [logger.py:98] [logger:__console] [INFO]- é¡µé¢ä¸­æœªèƒ½æ‰¾åˆ°å…ƒç´ ï¼š('id', 'com.xueqiu.android:id/tab_name')[0m
[32m[2019-12-08 18:29:14,787] [logger.py:98] [logger:__console] [INFO]- é¡µé¢ä¸­æœªèƒ½æ‰¾åˆ°å…ƒç´ ï¼š('id', 'tab_name')[0m
[32m[2019-12-08 18:33:25,795] [logger.py:98] [logger:__console] [INFO]- é¡µé¢ä¸­æœªèƒ½æ‰¾åˆ°å…ƒç´ ï¼š('id', 'tab_name')[0m
[32m[2019-12-08 18:39:41,674] [logger.py:98] [logger:__console] [INFO]- é¡µé¢ä¸­æœªèƒ½æ‰¾åˆ°å…ƒç´ ï¼š('xpath', "//android.widget.TextView[@text='é›ªçƒ']")[0m
