[2019-11-04 11:19:40,237] [views.py:205] [views:login_action] [INFO]- ---------地址来源-------------> /
[2019-11-04 11:19:40,239] [views.py:207] [views:login_action] [INFO]- 用户： lixiaofeng 登录成功！
[2019-11-04 11:19:40,586] [views.py:96] [views:index] [INFO]- 同时在线人员：['127.0.0.1']
[2019-11-04 11:20:28,821] [views.py:640] [views:interface_add] [INFO]- add interface  测试body参数接口  success.  interface info： guest项目 // /post_body/ // post // json // 0 //  // [] // [{"var_name":"grantCouponToUserDto"}] //  
[2019-11-04 11:21:32,273] [views.py:922] [views:case_add] [INFO]- add case   测试body参数接口用例  success. case info: guest项目 //  // [{"if_id":"445","if_name":"测试body参数接口","header":{},"body":{"grantCouponToUserDto":"{            \"userId\": 13000302,            \"activityCode\": \"1001AG111\",            \"grantNum\": 1,            \"distExport\": \"接口发券\"        }"},"extract":{},"validators":[{"check":"code","comparator":"eq","expect":"200"}],"url":"/post_body/"}]
[2019-11-04 11:24:03,510] [views.py:1123] [views:case_run] [INFO]- 用户 lixiaofeng 在 2 环境 运行用例 45 .
[2019-11-04 11:24:03,525] [execute.py:108] [execute:test_case] [INFO]- interface response data: {'class_name': 'Test_execute', 'func_name': 'test_case', 'method_doc': '接口测试用例', 'case_id': '45', 'result': 'error', 'case_name': '测试body参数接口用例', 'step_list': [{'url': '/post_body/', 'header': {}, 'body': 'error', 'if_id': '445', 'if_name': '测试body参数接口', 'method': 'post', 'data_type': 'json', 'result': 'error', 'checkpoint': '', 'res_content': 'eval()错误，请检查是body参数是否支持eval函数操作！', 'error': 'eval()错误，请前往【用例管理】页面核实相关参数配置！', 'msg': 'eval()错误，请前往【用例管理】页面核实相关参数配置！'}]}
[2019-11-04 11:32:20,188] [views.py:959] [views:case_update] [INFO]- edit case   测试body参数接口用例  success. case info: guest项目 //  // [{"if_id":"445","if_name":"测试body参数接口","header":{},"body":{"grantCouponToUserDto":"{\"userId\": 13000302,  \"activityCode\": \"1001AG111\", \"grantNum\": 1,  \"distExport\": \"接口发券\" }"},"extract":{},"validators":[{"check":"code","comparator":"eq","expect":"200"}],"url":"/post_body/"}]
[2019-11-04 11:32:23,846] [views.py:1123] [views:case_run] [INFO]- 用户 lixiaofeng 在 2 环境 运行用例 45 .
[2019-11-04 11:32:23,857] [execute.py:108] [execute:test_case] [INFO]- interface response data: {'class_name': 'Test_execute', 'func_name': 'test_case', 'method_doc': '接口测试用例', 'case_id': '45', 'result': 'error', 'case_name': '测试body参数接口用例', 'step_list': [{'url': '/post_body/', 'header': {}, 'body': 'error', 'if_id': '445', 'if_name': '测试body参数接口', 'method': 'post', 'data_type': 'json', 'result': 'error', 'checkpoint': '', 'res_content': 'eval()错误，请检查是body参数是否支持eval函数操作！', 'error': 'eval()错误，请前往【用例管理】页面核实相关参数配置！', 'msg': 'eval()错误，请前往【用例管理】页面核实相关参数配置！'}]}
[2019-11-04 11:33:25,529] [views.py:959] [views:case_update] [INFO]- edit case   测试body参数接口用例  success. case info: guest项目 //  // [{"if_id":"445","if_name":"测试body参数接口","header":{},"body":{"grantCouponToUserDto":"{\"userId\": 13000302,\"activityCode\":\"1001AG111\",\"grantNum\":1,\"distExport\": \"接口发券\"}"},"extract":{},"validators":[{"check":"code","comparator":"eq","expect":"200"}],"url":"/post_body/"}]
[2019-11-04 11:33:30,533] [views.py:1123] [views:case_run] [INFO]- 用户 lixiaofeng 在 2 环境 运行用例 45 .
[2019-11-04 11:33:30,619] [execute.py:108] [execute:test_case] [INFO]- interface response data: {'class_name': 'Test_execute', 'func_name': 'test_case', 'method_doc': '接口测试用例', 'case_id': '45', 'result': 'error', 'case_name': '测试body参数接口用例', 'step_list': [{'url': 'http://www.easytest.xyz/api/post_body/', 'header': {}, 'body': {'grantCouponToUserDto': {'userId': 13000302, 'activityCode': '1001AG111', 'grantNum': 1, 'distExport': '接口发券'}}, 'if_id': '445', 'if_name': '测试body参数接口', 'method': 'post', 'data_type': 'json', 'res_status_code': 200, 'result': 'error', 'checkpoint': '', 'res_content': '解析接口返回值出错，请核实原因.  详细报错信息： invalid syntax (<string>, line 1)', 'error': '解析返回值错误！请前往【用例管理】页面检查相关参数配置！', 'msg': '解析返回值错误！请前往【用例管理】页面检查相关参数配置！'}]}
[2019-11-04 11:33:54,142] [views.py:698] [views:interface_update] [INFO]- edit interface  测试body参数接口  success.  interface info： guest项目 // /post_body/ // post // json // 0 //  // [] // [{"var_name": "grantCouponToUserDto", "var_remark": ""}] // 0 //  
[2019-11-04 11:34:00,029] [views.py:1123] [views:case_run] [INFO]- 用户 lixiaofeng 在 2 环境 运行用例 45 .
[2019-11-04 11:34:00,061] [execute.py:108] [execute:test_case] [INFO]- interface response data: {'class_name': 'Test_execute', 'func_name': 'test_case', 'method_doc': '接口测试用例', 'case_id': '45', 'result': 'fail', 'case_name': '测试body参数接口用例', 'step_list': [{'url': 'http://www.easytest.xyz/mocks/post_body/', 'header': {}, 'body': {'grantCouponToUserDto': {'userId': 13000302, 'activityCode': '1001AG111', 'grantNum': 1, 'distExport': '接口发券'}}, 'if_id': '445', 'if_name': '测试body参数接口', 'method': 'post', 'data_type': 'json', 'base_url': 'http://www.easytest.xyz/mocks', 'res_status_code': 200, 'res_content': {'code': '0021', 'msg': 'request data missed', 'success': False}, 'result': 'fail', 'msg': '断言方式 -> 等于    字段: code 实际值为：0021 与期望值：200 不符    ', 'checkpoint': '字段：code--> 值：200    ', 'interface_totalTime': '0.0304 s'}]}
[2019-11-04 11:34:24,661] [views.py:1123] [views:case_run] [INFO]- 用户 lixiaofeng 在 2 环境 运行用例 45 .
[2019-11-04 11:34:24,693] [execute.py:108] [execute:test_case] [INFO]- interface response data: {'class_name': 'Test_execute', 'func_name': 'test_case', 'method_doc': '接口测试用例', 'case_id': '45', 'result': 'fail', 'case_name': '测试body参数接口用例', 'step_list': [{'url': 'http://www.easytest.xyz/mocks/post_body/', 'header': {}, 'body': {'grantCouponToUserDto': {'userId': 13000302, 'activityCode': '1001AG111', 'grantNum': 1, 'distExport': '接口发券'}}, 'if_id': '445', 'if_name': '测试body参数接口', 'method': 'post', 'data_type': 'json', 'base_url': 'http://www.easytest.xyz/mocks', 'res_status_code': 200, 'res_content': {'code': '0021', 'msg': 'request data missed', 'success': False}, 'result': 'fail', 'msg': '断言方式 -> 等于    字段: code 实际值为：0021 与期望值：200 不符    ', 'checkpoint': '字段：code--> 值：200    ', 'interface_totalTime': '0.0301 s'}]}
[2019-11-04 11:35:12,159] [views.py:1123] [views:case_run] [INFO]- 用户 lixiaofeng 在 2 环境 运行用例 45 .
[2019-11-04 11:35:12,196] [execute.py:108] [execute:test_case] [INFO]- interface response data: {'class_name': 'Test_execute', 'func_name': 'test_case', 'method_doc': '接口测试用例', 'case_id': '45', 'result': 'fail', 'case_name': '测试body参数接口用例', 'step_list': [{'url': 'http://www.easytest.xyz/mocks/post_body/', 'header': {}, 'body': {'grantCouponToUserDto': {'userId': 13000302, 'activityCode': '1001AG111', 'grantNum': 1, 'distExport': '接口发券'}}, 'if_id': '445', 'if_name': '测试body参数接口', 'method': 'post', 'data_type': 'json', 'base_url': 'http://www.easytest.xyz/mocks', 'res_status_code': 200, 'res_content': {'code': '0021', 'msg': 'request data missed', 'success': False}, 'result': 'fail', 'msg': '断言方式 -> 等于    字段: code 实际值为：0021 与期望值：200 不符    ', 'checkpoint': '字段：code--> 值：200    ', 'interface_totalTime': '0.0347 s'}]}
[2019-11-04 11:37:30,059] [views.py:1123] [views:case_run] [INFO]- 用户 lixiaofeng 在 2 环境 运行用例 45 .
[2019-11-04 11:37:30,092] [execute.py:108] [execute:test_case] [INFO]- interface response data: {'class_name': 'Test_execute', 'func_name': 'test_case', 'method_doc': '接口测试用例', 'case_id': '45', 'result': 'fail', 'case_name': '测试body参数接口用例', 'step_list': [{'url': 'http://www.easytest.xyz/mocks/post_body/', 'header': {}, 'body': {'grantCouponToUserDto': {'userId': 13000302, 'activityCode': '1001AG111', 'grantNum': 1, 'distExport': '接口发券'}}, 'if_id': '445', 'if_name': '测试body参数接口', 'method': 'post', 'data_type': 'json', 'base_url': 'http://www.easytest.xyz/mocks', 'res_status_code': 200, 'res_content': {'code': '0021', 'msg': 'request data missed', 'success': False}, 'result': 'fail', 'msg': '断言方式 -> 等于    字段: code 实际值为：0021 与期望值：200 不符    ', 'checkpoint': '字段：code--> 值：200    ', 'interface_totalTime': '0.0316 s'}]}
[2019-11-04 11:38:27,248] [common.py:65] [common:insert_mock_data] [INFO]- 新增mock接口： 测试body参数接口,2,/post_body/,POST, {
    "name": " 测试body参数接口",
    "url": "/post_body/",
    "method": "POST",
    "data": {},
    "invalid": {},
    "valid": {}
}
[2019-11-04 11:38:35,060] [common.py:137] [common:update_mock_data] [INFO]- 修改mock接口：测试body参数接口,/post_body/,POST,{
    "invalid": {
        "code": 200,
        "data": "body参数"
    },
    "data": {
        "grantCouponToUserDto": {
            "userId": 13000302,
            "activityCode": "1001AG111",
            "grantNum": 1,
            "distExport": "接口发券"
        }
    },
    "valid": {},
    "name": "测试body参数接口",
    "url": "/post_body/",
    "method": "POST"
}
[2019-11-04 11:38:48,359] [views.py:96] [views:index] [INFO]- 同时在线人员：['127.0.0.1']
[2019-11-04 11:39:43,645] [views.py:1123] [views:case_run] [INFO]- 用户 lixiaofeng 在 2 环境 运行用例 45 .
[2019-11-04 11:39:45,708] [views.py:73] [views:dispatch_request] [INFO]- 请求mock接口：/mocks/post_body/,POST
[2019-11-04 11:39:45,728] [execute.py:108] [execute:test_case] [INFO]- interface response data: {'class_name': 'Test_execute', 'func_name': 'test_case', 'method_doc': '接口测试用例', 'case_id': '45', 'result': 'fail', 'case_name': '测试body参数接口用例', 'step_list': [{'url': 'http://localhost:8000/mocks/post_body/', 'header': {}, 'body': {'grantCouponToUserDto': {'userId': 13000302, 'activityCode': '1001AG111', 'grantNum': 1, 'distExport': '接口发券'}}, 'if_id': '445', 'if_name': '测试body参数接口', 'method': 'post', 'data_type': 'json', 'base_url': 'http://localhost:8000/mocks', 'res_status_code': 200, 'res_content': {'code': '0021', 'msg': 'request data missed', 'success': False}, 'result': 'fail', 'msg': '断言方式 -> 等于    字段: code 实际值为：0021 与期望值：200 不符    ', 'checkpoint': '字段：code--> 值：200    ', 'interface_totalTime': '2.0812 s'}]}
[2019-11-04 11:41:28,479] [views.py:1123] [views:case_run] [INFO]- 用户 lixiaofeng 在 2 环境 运行用例 45 .
[2019-11-04 11:41:30,505] [views.py:73] [views:dispatch_request] [INFO]- 请求mock接口：/mocks/post_body/,POST
[2019-11-04 11:41:30,509] [execute.py:108] [execute:test_case] [INFO]- interface response data: {'class_name': 'Test_execute', 'func_name': 'test_case', 'method_doc': '接口测试用例', 'case_id': '45', 'result': 'fail', 'case_name': '测试body参数接口用例', 'step_list': [{'url': 'http://localhost:8000/mocks/post_body/', 'header': {}, 'body': {'grantCouponToUserDto': {'userId': 13000302, 'activityCode': '1001AG111', 'grantNum': 1, 'distExport': '接口发券'}}, 'if_id': '445', 'if_name': '测试body参数接口', 'method': 'post', 'data_type': 'json', 'base_url': 'http://localhost:8000/mocks', 'res_status_code': 200, 'res_content': {'code': '0021', 'msg': 'request data missed', 'success': False}, 'result': 'fail', 'msg': '断言方式 -> 等于    字段: code 实际值为：0021 与期望值：200 不符    ', 'checkpoint': '字段：code--> 值：200    ', 'interface_totalTime': '2.0283 s'}]}
[2019-11-04 11:42:11,349] [views.py:1123] [views:case_run] [INFO]- 用户 lixiaofeng 在 2 环境 运行用例 45 .
[2019-11-04 11:42:13,414] [views.py:73] [views:dispatch_request] [INFO]- 请求mock接口：/mocks/post_body/,POST
[2019-11-04 11:42:13,440] [execute.py:108] [execute:test_case] [INFO]- interface response data: {'class_name': 'Test_execute', 'func_name': 'test_case', 'method_doc': '接口测试用例', 'case_id': '45', 'result': 'fail', 'case_name': '测试body参数接口用例', 'step_list': [{'url': 'http://localhost:8000/mocks/post_body/', 'header': {}, 'body': {'grantCouponToUserDto': {'userId': 13000302, 'activityCode': '1001AG111', 'grantNum': 1, 'distExport': '接口发券'}}, 'if_id': '445', 'if_name': '测试body参数接口', 'method': 'post', 'data_type': 'json', 'base_url': 'http://localhost:8000/mocks', 'res_status_code': 200, 'res_content': {'code': '0021', 'msg': 'request data missed', 'success': False}, 'result': 'fail', 'msg': '断言方式 -> 等于    字段: code 实际值为：0021 与期望值：200 不符    ', 'checkpoint': '字段：code--> 值：200    ', 'interface_totalTime': '2.0892 s'}]}
[2019-11-04 11:42:56,603] [views.py:1123] [views:case_run] [INFO]- 用户 lixiaofeng 在 2 环境 运行用例 45 .
[2019-11-04 11:42:58,648] [views.py:73] [views:dispatch_request] [INFO]- 请求mock接口：/mocks/post_body/,POST
[2019-11-04 11:42:58,679] [execute.py:108] [execute:test_case] [INFO]- interface response data: {'class_name': 'Test_execute', 'func_name': 'test_case', 'method_doc': '接口测试用例', 'case_id': '45', 'result': 'fail', 'case_name': '测试body参数接口用例', 'step_list': [{'url': 'http://localhost:8000/mocks/post_body/', 'header': {}, 'body': {'grantCouponToUserDto': {'userId': 13000302, 'activityCode': '1001AG111', 'grantNum': 1, 'distExport': '接口发券'}}, 'if_id': '445', 'if_name': '测试body参数接口', 'method': 'post', 'data_type': 'json', 'base_url': 'http://localhost:8000/mocks', 'res_status_code': 200, 'res_content': {'code': '0021', 'msg': 'request data missed', 'success': False}, 'result': 'fail', 'msg': '断言方式 -> 等于    字段: code 实际值为：0021 与期望值：200 不符    ', 'checkpoint': '字段：code--> 值：200    ', 'interface_totalTime': '2.0743 s'}]}
[2019-11-04 11:43:14,046] [views.py:1123] [views:case_run] [INFO]- 用户 lixiaofeng 在 2 环境 运行用例 45 .
[2019-11-04 11:43:16,111] [views.py:73] [views:dispatch_request] [INFO]- 请求mock接口：/mocks/post_body/,POST
[2019-11-04 11:43:16,122] [execute.py:108] [execute:test_case] [INFO]- interface response data: {'class_name': 'Test_execute', 'func_name': 'test_case', 'method_doc': '接口测试用例', 'case_id': '45', 'result': 'fail', 'case_name': '测试body参数接口用例', 'step_list': [{'url': 'http://localhost:8000/mocks/post_body/', 'header': {}, 'body': {'grantCouponToUserDto': {'userId': 13000302, 'activityCode': '1001AG111', 'grantNum': 1, 'distExport': '接口发券'}}, 'if_id': '445', 'if_name': '测试body参数接口', 'method': 'post', 'data_type': 'json', 'base_url': 'http://localhost:8000/mocks', 'res_status_code': 200, 'res_content': {'code': '0000', 'msg': 'success', 'success': True}, 'result': 'fail', 'msg': '断言方式 -> 等于    字段: code 实际值为：0000 与期望值：200 不符    ', 'checkpoint': '字段：code--> 值：200    ', 'interface_totalTime': '2.0737 s'}]}
[2019-11-04 11:43:49,306] [common.py:137] [common:update_mock_data] [INFO]- 修改mock接口：测试body参数接口,/post_body/,POST,{
    "invalid": {},
    "data": {
        "grantCouponToUserDto": {
            "userId": 13000302,
            "activityCode": "1001AG111",
            "grantNum": 1,
            "distExport": "接口发券"
        }
    },
    "valid": {
        "code": 200,
        "data": "body参数"
    },
    "name": "测试body参数接口",
    "url": "/post_body/",
    "method": "POST"
}
[2019-11-04 11:43:57,199] [views.py:96] [views:index] [INFO]- 同时在线人员：['127.0.0.1']
[2019-11-04 11:44:03,629] [views.py:1123] [views:case_run] [INFO]- 用户 lixiaofeng 在 2 环境 运行用例 45 .
[2019-11-04 11:44:05,669] [views.py:73] [views:dispatch_request] [INFO]- 请求mock接口：/mocks/post_body/,POST
[2019-11-04 11:44:05,673] [execute.py:108] [execute:test_case] [INFO]- interface response data: {'class_name': 'Test_execute', 'func_name': 'test_case', 'method_doc': '接口测试用例', 'case_id': '45', 'case_name': '测试body参数接口用例', 'step_list': [{'url': 'http://localhost:8000/mocks/post_body/', 'header': {}, 'body': {'grantCouponToUserDto': {'userId': 13000302, 'activityCode': '1001AG111', 'grantNum': 1, 'distExport': '接口发券'}}, 'if_id': '445', 'if_name': '测试body参数接口', 'method': 'post', 'data_type': 'json', 'base_url': 'http://localhost:8000/mocks', 'res_status_code': 200, 'res_content': {'code': 200, 'data': 'body参数'}, 'result': 'pass', 'msg': 'success！    ', 'checkpoint': '字段：code--> 值：200    ', 'interface_totalTime': '2.0434 s'}]}
[2019-11-04 15:03:09,938] [views.py:96] [views:index] [INFO]- 同时在线人员：['127.0.0.1']
[2019-11-04 15:03:30,831] [common.py:65] [common:insert_mock_data] [INFO]- 新增mock接口：1231,2,/sec_add_event/,GET, {
    "name": "1231",
    "url": "/sec_add_event/",
    "method": "GET",
    "data": {},
    "invalid": {},
    "valid": {}
}
[2019-11-04 15:22:00,259] [views.py:96] [views:index] [INFO]- 同时在线人员：['127.0.0.1']
[2019-11-04 15:22:00,705] [views.py:96] [views:index] [INFO]- 同时在线人员：['127.0.0.1']
[2019-11-04 15:48:17,313] [views.py:96] [views:index] [INFO]- 同时在线人员：['127.0.0.1']
[2019-11-04 15:48:29,678] [views.py:959] [views:case_update] [INFO]- edit case   测试body参数接口用例  success. case info: guest项目 //  // [{"if_id":"445","if_name":"测试body参数接口","header":{},"body":{"grantCouponToUserDto":"{     \"userId\": 13000302,\"activityCode\":\"1001AG111\",\"grantNum\":1,\"distExport\": \"接口发券\"}"},"extract":{},"validators":[{"check":"code","comparator":"eq","expect":"200"}],"url":"/post_body/"}]
[2019-11-04 15:48:44,893] [views.py:1123] [views:case_run] [INFO]- 用户 lixiaofeng 在 2 环境 运行用例 45 .
[2019-11-04 15:48:44,903] [execute.py:108] [execute:test_case] [INFO]- interface response data: {'class_name': 'Test_execute', 'func_name': 'test_case', 'method_doc': '接口测试用例', 'case_id': '45', 'result': 'error', 'case_name': '测试body参数接口用例', 'step_list': [{'url': '/post_body/', 'header': {}, 'body': 'error', 'if_id': '445', 'if_name': '测试body参数接口', 'method': 'post', 'data_type': 'json', 'result': 'error', 'checkpoint': '', 'res_content': 'eval()错误，请检查是body参数是否支持eval函数操作！', 'error': 'eval()错误，请前往【用例管理】页面核实相关参数配置！', 'msg': 'eval()错误，请前往【用例管理】页面核实相关参数配置！'}]}
[2019-11-04 15:49:09,745] [views.py:1123] [views:case_run] [INFO]- 用户 lixiaofeng 在 2 环境 运行用例 45 .
[2019-11-04 15:49:09,754] [execute.py:108] [execute:test_case] [INFO]- interface response data: {'class_name': 'Test_execute', 'func_name': 'test_case', 'method_doc': '接口测试用例', 'case_id': '45', 'result': 'error', 'case_name': '测试body参数接口用例', 'step_list': [{'url': '/post_body/', 'header': {}, 'body': 'error', 'if_id': '445', 'if_name': '测试body参数接口', 'method': 'post', 'data_type': 'json', 'result': 'error', 'checkpoint': '', 'res_content': 'eval()错误，请检查是body参数是否支持eval函数操作！', 'error': 'eval()错误，请前往【用例管理】页面核实相关参数配置！', 'msg': 'eval()错误，请前往【用例管理】页面核实相关参数配置！'}]}
[2019-11-04 15:49:26,858] [views.py:1123] [views:case_run] [INFO]- 用户 lixiaofeng 在 2 环境 运行用例 45 .
[2019-11-04 15:49:26,876] [execute.py:108] [execute:test_case] [INFO]- interface response data: {'class_name': 'Test_execute', 'func_name': 'test_case', 'method_doc': '接口测试用例', 'case_id': '45', 'result': 'error', 'case_name': '测试body参数接口用例', 'step_list': [{'url': '/post_body/', 'header': {}, 'body': 'error', 'if_id': '445', 'if_name': '测试body参数接口', 'method': 'post', 'data_type': 'json', 'result': 'error', 'checkpoint': '', 'res_content': 'eval()错误，请检查是body参数是否支持eval函数操作！', 'error': 'eval()错误，请前往【用例管理】页面核实相关参数配置！', 'msg': 'eval()错误，请前往【用例管理】页面核实相关参数配置！'}]}
[2019-11-04 15:50:13,192] [views.py:1123] [views:case_run] [INFO]- 用户 lixiaofeng 在 2 环境 运行用例 45 .
[2019-11-04 15:50:13,219] [execute.py:108] [execute:test_case] [INFO]- interface response data: {'class_name': 'Test_execute', 'func_name': 'test_case', 'method_doc': '接口测试用例', 'case_id': '45', 'result': 'error', 'case_name': '测试body参数接口用例', 'step_list': [{'url': '/post_body/', 'header': {}, 'body': 'error', 'if_id': '445', 'if_name': '测试body参数接口', 'method': 'post', 'data_type': 'json', 'result': 'error', 'checkpoint': '', 'res_content': 'eval()错误，请检查是body参数是否支持eval函数操作！', 'error': 'eval()错误，请前往【用例管理】页面核实相关参数配置！', 'msg': 'eval()错误，请前往【用例管理】页面核实相关参数配置！'}]}
[2019-11-04 15:52:25,218] [views.py:1123] [views:case_run] [INFO]- 用户 lixiaofeng 在 2 环境 运行用例 45 .
[2019-11-04 15:52:25,239] [execute.py:108] [execute:test_case] [INFO]- interface response data: {'class_name': 'Test_execute', 'func_name': 'test_case', 'method_doc': '接口测试用例', 'case_id': '45', 'result': 'error', 'case_name': '测试body参数接口用例', 'step_list': [{'url': '/post_body/', 'header': {}, 'body': 'error', 'if_id': '445', 'if_name': '测试body参数接口', 'method': 'post', 'data_type': 'json', 'result': 'error', 'checkpoint': '', 'res_content': 'eval()错误，请检查是body参数是否支持eval函数操作！', 'error': 'eval()错误，请前往【用例管理】页面核实相关参数配置！', 'msg': 'eval()错误，请前往【用例管理】页面核实相关参数配置！'}]}
[2019-11-04 15:52:49,796] [views.py:1123] [views:case_run] [INFO]- 用户 lixiaofeng 在 2 环境 运行用例 45 .
[2019-11-04 15:52:49,842] [execute.py:108] [execute:test_case] [INFO]- interface response data: {'class_name': 'Test_execute', 'func_name': 'test_case', 'method_doc': '接口测试用例', 'case_id': '45', 'result': 'error', 'case_name': '测试body参数接口用例', 'step_list': [{'url': '/post_body/', 'header': {}, 'body': 'error', 'if_id': '445', 'if_name': '测试body参数接口', 'method': 'post', 'data_type': 'json', 'result': 'error', 'checkpoint': '', 'res_content': 'eval()错误，请检查是body参数是否支持eval函数操作！', 'error': 'eval()错误，请前往【用例管理】页面核实相关参数配置！', 'msg': 'eval()错误，请前往【用例管理】页面核实相关参数配置！'}]}
[2019-11-04 15:56:31,804] [views.py:1123] [views:case_run] [INFO]- 用户 lixiaofeng 在 2 环境 运行用例 45 .
[2019-11-04 15:56:31,825] [execute.py:108] [execute:test_case] [INFO]- interface response data: {'class_name': 'Test_execute', 'func_name': 'test_case', 'method_doc': '接口测试用例', 'case_id': '45', 'result': 'error', 'case_name': '测试body参数接口用例', 'step_list': [{'url': '/post_body/', 'header': {}, 'body': 'error', 'if_id': '445', 'if_name': '测试body参数接口', 'method': 'post', 'data_type': 'json', 'result': 'error', 'checkpoint': '', 'res_content': 'eval()错误，请检查是body参数是否支持eval函数操作！', 'error': 'eval()错误，请前往【用例管理】页面核实相关参数配置！', 'msg': 'eval()错误，请前往【用例管理】页面核实相关参数配置！'}]}
[2019-11-04 15:56:56,549] [views.py:1123] [views:case_run] [INFO]- 用户 lixiaofeng 在 2 环境 运行用例 45 .
[2019-11-04 15:56:56,560] [execute.py:108] [execute:test_case] [INFO]- interface response data: {'class_name': 'Test_execute', 'func_name': 'test_case', 'method_doc': '接口测试用例', 'case_id': '45', 'result': 'error', 'case_name': '测试body参数接口用例', 'step_list': [{'url': '/post_body/', 'header': {}, 'body': 'error', 'if_id': '445', 'if_name': '测试body参数接口', 'method': 'post', 'data_type': 'json', 'result': 'error', 'checkpoint': '', 'res_content': 'eval()错误，请检查是body参数是否支持eval函数操作！', 'error': 'eval()错误，请前往【用例管理】页面核实相关参数配置！', 'msg': 'eval()错误，请前往【用例管理】页面核实相关参数配置！'}]}
[2019-11-04 15:57:13,492] [views.py:959] [views:case_update] [INFO]- edit case   测试body参数接口用例  success. case info: guest项目 //  // [{"if_id":"445","if_name":"测试body参数接口","header":{},"body":{"grantCouponToUserDto":"    {     \"userId\": 13000302,\"activityCode\":\"1001AG111\",\"gr     antNum\":1,\"distExport\": \"接口    发券\"}"},"extract":{},"validators":[{"check":"code","comparator":"eq","expect":"200"}],"url":"/post_body/"}]
[2019-11-04 15:57:17,646] [views.py:1123] [views:case_run] [INFO]- 用户 lixiaofeng 在 2 环境 运行用例 45 .
[2019-11-04 15:57:17,656] [execute.py:108] [execute:test_case] [INFO]- interface response data: {'class_name': 'Test_execute', 'func_name': 'test_case', 'method_doc': '接口测试用例', 'case_id': '45', 'result': 'error', 'case_name': '测试body参数接口用例', 'step_list': [{'url': '/post_body/', 'header': {}, 'body': 'error', 'if_id': '445', 'if_name': '测试body参数接口', 'method': 'post', 'data_type': 'json', 'result': 'error', 'checkpoint': '', 'res_content': 'eval()错误，请检查是body参数是否支持eval函数操作！', 'error': 'eval()错误，请前往【用例管理】页面核实相关参数配置！', 'msg': 'eval()错误，请前往【用例管理】页面核实相关参数配置！'}]}
[2019-11-04 15:57:47,447] [views.py:1123] [views:case_run] [INFO]- 用户 lixiaofeng 在 2 环境 运行用例 45 .
[2019-11-04 15:57:47,459] [execute.py:108] [execute:test_case] [INFO]- interface response data: {'class_name': 'Test_execute', 'func_name': 'test_case', 'method_doc': '接口测试用例', 'case_id': '45', 'result': 'error', 'case_name': '测试body参数接口用例', 'step_list': [{'url': '/post_body/', 'header': {}, 'body': 'error', 'if_id': '445', 'if_name': '测试body参数接口', 'method': 'post', 'data_type': 'json', 'result': 'error', 'checkpoint': '', 'res_content': 'eval()错误，请检查是body参数是否支持eval函数操作！', 'error': 'eval()错误，请前往【用例管理】页面核实相关参数配置！', 'msg': 'eval()错误，请前往【用例管理】页面核实相关参数配置！'}]}
[2019-11-04 16:01:11,416] [views.py:959] [views:case_update] [INFO]- edit case   测试body参数接口用例  success. case info: guest项目 //  // [{"if_id":"445","if_name":"测试body参数接口","header":{},"body":{"grantCouponToUserDto":"你 好         哈哈"},"extract":{},"validators":[{"check":"code","comparator":"eq","expect":"200"}],"url":"/post_body/"}]
[2019-11-04 16:01:15,572] [views.py:1123] [views:case_run] [INFO]- 用户 lixiaofeng 在 2 环境 运行用例 45 .
[2019-11-04 16:01:15,613] [execute.py:108] [execute:test_case] [INFO]- interface response data: {'class_name': 'Test_execute', 'func_name': 'test_case', 'method_doc': '接口测试用例', 'case_id': '45', 'case_name': '测试body参数接口用例', 'step_list': [{'url': 'http://www.easytest.xyz/mocks/post_body/', 'header': {}, 'body': {'grantCouponToUserDto': '你 好\xa0 \xa0 \xa0 \xa0 \xa0哈哈'}, 'if_id': '445', 'if_name': '测试body参数接口', 'method': 'post', 'data_type': 'json', 'base_url': 'http://www.easytest.xyz/mocks', 'res_status_code': 200, 'res_content': {'code': 200, 'data': 'body参数'}, 'result': 'pass', 'msg': 'success！    ', 'checkpoint': '字段：code--> 值：200    ', 'interface_totalTime': '0.0395 s'}]}
[2019-11-04 16:01:55,919] [views.py:959] [views:case_update] [INFO]- edit case   测试body参数接口用例  success. case info: guest项目 //  // [{"if_id":"445","if_name":"测试body参数接口","header":{},"body":{"grantCouponToUserDto":"    {     \"userId\": 130          00302,    \"    activity    Code\":\"1001AG111\",\"gr     antNum\":1,\"distExport\": \"接口    发券\"}"},"extract":{},"validators":[{"check":"code","comparator":"eq","expect":"200"}],"url":"/post_body/"}]
[2019-11-04 16:02:26,164] [views.py:1123] [views:case_run] [INFO]- 用户 lixiaofeng 在 2 环境 运行用例 45 .
[2019-11-04 16:02:26,176] [execute.py:108] [execute:test_case] [INFO]- interface response data: {'class_name': 'Test_execute', 'func_name': 'test_case', 'method_doc': '接口测试用例', 'case_id': '45', 'result': 'error', 'case_name': '测试body参数接口用例', 'step_list': [{'url': '/post_body/', 'header': {}, 'body': 'error', 'if_id': '445', 'if_name': '测试body参数接口', 'method': 'post', 'data_type': 'json', 'result': 'error', 'checkpoint': '', 'res_content': 'eval()错误，请检查是body参数是否支持eval函数操作！', 'error': 'eval()错误，请前往【用例管理】页面核实相关参数配置！', 'msg': 'eval()错误，请前往【用例管理】页面核实相关参数配置！'}]}
[2019-11-04 16:02:55,073] [views.py:1123] [views:case_run] [INFO]- 用户 lixiaofeng 在 2 环境 运行用例 45 .
[2019-11-04 16:02:55,085] [execute.py:108] [execute:test_case] [INFO]- interface response data: {'class_name': 'Test_execute', 'func_name': 'test_case', 'method_doc': '接口测试用例', 'case_id': '45', 'result': 'error', 'case_name': '测试body参数接口用例', 'step_list': [{'url': '/post_body/', 'header': {}, 'body': 'error', 'if_id': '445', 'if_name': '测试body参数接口', 'method': 'post', 'data_type': 'json', 'result': 'error', 'checkpoint': '', 'res_content': 'eval()错误，请检查是body参数是否支持eval函数操作！', 'error': 'eval()错误，请前往【用例管理】页面核实相关参数配置！', 'msg': 'eval()错误，请前往【用例管理】页面核实相关参数配置！'}]}
[2019-11-04 16:03:41,315] [views.py:1123] [views:case_run] [INFO]- 用户 lixiaofeng 在 2 环境 运行用例 45 .
[2019-11-04 16:03:41,326] [execute.py:108] [execute:test_case] [INFO]- interface response data: {'class_name': 'Test_execute', 'func_name': 'test_case', 'method_doc': '接口测试用例', 'case_id': '45', 'result': 'error', 'case_name': '测试body参数接口用例', 'step_list': [{'url': '/post_body/', 'header': {}, 'body': 'error', 'if_id': '445', 'if_name': '测试body参数接口', 'method': 'post', 'data_type': 'json', 'result': 'error', 'checkpoint': '', 'res_content': 'eval()错误，请检查是body参数是否支持eval函数操作！', 'error': 'eval()错误，请前往【用例管理】页面核实相关参数配置！', 'msg': 'eval()错误，请前往【用例管理】页面核实相关参数配置！'}]}
[2019-11-04 16:04:49,797] [views.py:1123] [views:case_run] [INFO]- 用户 lixiaofeng 在 2 环境 运行用例 45 .
[2019-11-04 16:04:49,810] [execute.py:108] [execute:test_case] [INFO]- interface response data: {'class_name': 'Test_execute', 'func_name': 'test_case', 'method_doc': '接口测试用例', 'case_id': '45', 'result': 'error', 'case_name': '测试body参数接口用例', 'step_list': [{'url': '/post_body/', 'header': {}, 'body': 'error', 'if_id': '445', 'if_name': '测试body参数接口', 'method': 'post', 'data_type': 'json', 'result': 'error', 'checkpoint': '', 'res_content': 'eval()错误，请检查是body参数是否支持eval函数操作！', 'error': 'eval()错误，请前往【用例管理】页面核实相关参数配置！', 'msg': 'eval()错误，请前往【用例管理】页面核实相关参数配置！'}]}
[2019-11-04 16:05:17,437] [views.py:1123] [views:case_run] [INFO]- 用户 lixiaofeng 在 2 环境 运行用例 45 .
[2019-11-04 16:05:17,458] [execute.py:108] [execute:test_case] [INFO]- interface response data: {'class_name': 'Test_execute', 'func_name': 'test_case', 'method_doc': '接口测试用例', 'case_id': '45', 'result': 'error', 'case_name': '测试body参数接口用例', 'step_list': [{'url': '/post_body/', 'header': {}, 'body': 'error', 'if_id': '445', 'if_name': '测试body参数接口', 'method': 'post', 'data_type': 'json', 'result': 'error', 'checkpoint': '', 'res_content': 'eval()错误，请检查是body参数是否支持eval函数操作！', 'error': 'eval()错误，请前往【用例管理】页面核实相关参数配置！', 'msg': 'eval()错误，请前往【用例管理】页面核实相关参数配置！'}]}
[2019-11-04 16:05:42,185] [views.py:1123] [views:case_run] [INFO]- 用户 lixiaofeng 在 2 环境 运行用例 45 .
[2019-11-04 16:05:42,204] [execute.py:108] [execute:test_case] [INFO]- interface response data: {'class_name': 'Test_execute', 'func_name': 'test_case', 'method_doc': '接口测试用例', 'case_id': '45', 'result': 'error', 'case_name': '测试body参数接口用例', 'step_list': [{'url': '/post_body/', 'header': {}, 'body': 'error', 'if_id': '445', 'if_name': '测试body参数接口', 'method': 'post', 'data_type': 'json', 'result': 'error', 'checkpoint': '', 'res_content': 'eval()错误，请检查是body参数是否支持eval函数操作！', 'error': 'eval()错误，请前往【用例管理】页面核实相关参数配置！', 'msg': 'eval()错误，请前往【用例管理】页面核实相关参数配置！'}]}
[2019-11-04 16:05:56,430] [views.py:1123] [views:case_run] [INFO]- 用户 lixiaofeng 在 2 环境 运行用例 45 .
[2019-11-04 16:05:56,444] [execute.py:108] [execute:test_case] [INFO]- interface response data: {'class_name': 'Test_execute', 'func_name': 'test_case', 'method_doc': '接口测试用例', 'case_id': '45', 'result': 'error', 'case_name': '测试body参数接口用例', 'step_list': [{'url': '/post_body/', 'header': {}, 'body': 'error', 'if_id': '445', 'if_name': '测试body参数接口', 'method': 'post', 'data_type': 'json', 'result': 'error', 'checkpoint': '', 'res_content': 'eval()错误，请检查是body参数是否支持eval函数操作！', 'error': 'eval()错误，请前往【用例管理】页面核实相关参数配置！', 'msg': 'eval()错误，请前往【用例管理】页面核实相关参数配置！'}]}
[2019-11-04 16:08:34,061] [views.py:1123] [views:case_run] [INFO]- 用户 lixiaofeng 在 2 环境 运行用例 45 .
[2019-11-04 16:08:34,071] [execute.py:108] [execute:test_case] [INFO]- interface response data: {'class_name': 'Test_execute', 'func_name': 'test_case', 'method_doc': '接口测试用例', 'case_id': '45', 'result': 'error', 'case_name': '测试body参数接口用例', 'step_list': [{'url': '/post_body/', 'header': {}, 'body': 'error', 'if_id': '445', 'if_name': '测试body参数接口', 'method': 'post', 'data_type': 'json', 'result': 'error', 'checkpoint': '', 'res_content': 'eval()错误，请检查是body参数是否支持eval函数操作！', 'error': 'eval()错误，请前往【用例管理】页面核实相关参数配置！', 'msg': 'eval()错误，请前往【用例管理】页面核实相关参数配置！'}]}
[2019-11-04 16:08:55,568] [views.py:1123] [views:case_run] [INFO]- 用户 lixiaofeng 在 2 环境 运行用例 45 .
[2019-11-04 16:08:55,580] [execute.py:108] [execute:test_case] [INFO]- interface response data: {'class_name': 'Test_execute', 'func_name': 'test_case', 'method_doc': '接口测试用例', 'case_id': '45', 'result': 'error', 'case_name': '测试body参数接口用例', 'step_list': [{'url': '/post_body/', 'header': {}, 'body': 'error', 'if_id': '445', 'if_name': '测试body参数接口', 'method': 'post', 'data_type': 'json', 'result': 'error', 'checkpoint': '', 'res_content': 'eval()错误，请检查是body参数是否支持eval函数操作！', 'error': 'eval()错误，请前往【用例管理】页面核实相关参数配置！', 'msg': 'eval()错误，请前往【用例管理】页面核实相关参数配置！'}]}
[2019-11-04 16:09:55,284] [views.py:1123] [views:case_run] [INFO]- 用户 lixiaofeng 在 2 环境 运行用例 45 .
[2019-11-04 16:09:55,295] [execute.py:108] [execute:test_case] [INFO]- interface response data: {'class_name': 'Test_execute', 'func_name': 'test_case', 'method_doc': '接口测试用例', 'case_id': '45', 'result': 'error', 'case_name': '测试body参数接口用例', 'step_list': [{'url': '/post_body/', 'header': {}, 'body': 'error', 'if_id': '445', 'if_name': '测试body参数接口', 'method': 'post', 'data_type': 'json', 'result': 'error', 'checkpoint': '', 'res_content': 'eval()错误，请检查是body参数是否支持eval函数操作！', 'error': 'eval()错误，请前往【用例管理】页面核实相关参数配置！', 'msg': 'eval()错误，请前往【用例管理】页面核实相关参数配置！'}]}
[2019-11-04 16:11:07,984] [views.py:959] [views:case_update] [INFO]- edit case   测试body参数接口用例  success. case info: guest项目 //  // [{"if_id":"445","if_name":"测试body参数接口","header":{},"body":{"grantCouponToUserDto":"{            \"userId\": 13000302,            \"activityCode\": \"1001AG111\",            \"grantNum\": 1,            \"distExport\": \"接口发券\"        }"},"extract":{},"validators":[{"check":"code","comparator":"eq","expect":"200"}],"url":"/post_body/"}]
[2019-11-04 16:11:12,837] [views.py:1123] [views:case_run] [INFO]- 用户 lixiaofeng 在 2 环境 运行用例 45 .
[2019-11-04 16:11:12,854] [execute.py:108] [execute:test_case] [INFO]- interface response data: {'class_name': 'Test_execute', 'func_name': 'test_case', 'method_doc': '接口测试用例', 'case_id': '45', 'result': 'error', 'case_name': '测试body参数接口用例', 'step_list': [{'url': '/post_body/', 'header': {}, 'body': 'error', 'if_id': '445', 'if_name': '测试body参数接口', 'method': 'post', 'data_type': 'json', 'result': 'error', 'checkpoint': '', 'res_content': 'eval()错误，请检查是body参数是否支持eval函数操作！', 'error': 'eval()错误，请前往【用例管理】页面核实相关参数配置！', 'msg': 'eval()错误，请前往【用例管理】页面核实相关参数配置！'}]}
[2019-11-04 16:11:52,062] [views.py:1123] [views:case_run] [INFO]- 用户 lixiaofeng 在 2 环境 运行用例 45 .
[2019-11-04 16:11:52,078] [execute.py:108] [execute:test_case] [INFO]- interface response data: {'class_name': 'Test_execute', 'func_name': 'test_case', 'method_doc': '接口测试用例', 'case_id': '45', 'result': 'error', 'case_name': '测试body参数接口用例', 'step_list': [{'url': '/post_body/', 'header': {}, 'body': 'error', 'if_id': '445', 'if_name': '测试body参数接口', 'method': 'post', 'data_type': 'json', 'result': 'error', 'checkpoint': '', 'res_content': 'eval()错误，请检查是body参数是否支持eval函数操作！', 'error': 'eval()错误，请前往【用例管理】页面核实相关参数配置！', 'msg': 'eval()错误，请前往【用例管理】页面核实相关参数配置！'}]}
[2019-11-04 16:16:27,373] [views.py:1123] [views:case_run] [INFO]- 用户 lixiaofeng 在 2 环境 运行用例 45 .
[2019-11-04 16:16:27,410] [execute.py:108] [execute:test_case] [INFO]- interface response data: {'class_name': 'Test_execute', 'func_name': 'test_case', 'method_doc': '接口测试用例', 'case_id': '45', 'result': 'error', 'case_name': '测试body参数接口用例', 'step_list': [{'url': '/post_body/', 'header': {}, 'body': 'error', 'if_id': '445', 'if_name': '测试body参数接口', 'method': 'post', 'data_type': 'json', 'result': 'error', 'checkpoint': '', 'res_content': 'eval()错误，请检查是body参数是否支持eval函数操作！', 'error': 'eval()错误，请前往【用例管理】页面核实相关参数配置！', 'msg': 'eval()错误，请前往【用例管理】页面核实相关参数配置！'}]}
[2019-11-04 16:17:07,282] [views.py:1123] [views:case_run] [INFO]- 用户 lixiaofeng 在 2 环境 运行用例 45 .
[2019-11-04 16:17:07,334] [execute.py:108] [execute:test_case] [INFO]- interface response data: {'class_name': 'Test_execute', 'func_name': 'test_case', 'method_doc': '接口测试用例', 'case_id': '45', 'case_name': '测试body参数接口用例', 'step_list': [{'url': 'http://www.easytest.xyz/mocks/post_body/', 'header': {}, 'body': {'grantCouponToUserDto': {'userId': 13000302, 'activityCode': '1001AG111', 'grantNum': 1, 'distExport': '接口发券'}}, 'if_id': '445', 'if_name': '测试body参数接口', 'method': 'post', 'data_type': 'json', 'base_url': 'http://www.easytest.xyz/mocks', 'res_status_code': 200, 'res_content': {'code': 200, 'data': 'body参数'}, 'result': 'pass', 'msg': 'success！    ', 'checkpoint': '字段：code--> 值：200    ', 'interface_totalTime': '0.0508 s'}]}
[2019-11-04 16:18:22,162] [views.py:1123] [views:case_run] [INFO]- 用户 lixiaofeng 在 2 环境 运行用例 45 .
[2019-11-04 16:18:22,210] [execute.py:108] [execute:test_case] [INFO]- interface response data: {'class_name': 'Test_execute', 'func_name': 'test_case', 'method_doc': '接口测试用例', 'case_id': '45', 'case_name': '测试body参数接口用例', 'step_list': [{'url': 'http://www.easytest.xyz/mocks/post_body/', 'header': {}, 'body': {'grantCouponToUserDto': {'userId': 13000302, 'activityCode': '1001AG111', 'grantNum': 1, 'distExport': '接口发券'}}, 'if_id': '445', 'if_name': '测试body参数接口', 'method': 'post', 'data_type': 'json', 'base_url': 'http://www.easytest.xyz/mocks', 'res_status_code': 200, 'res_content': {'code': 200, 'data': 'body参数'}, 'result': 'pass', 'msg': 'success！    ', 'checkpoint': '字段：code--> 值：200    ', 'interface_totalTime': '0.0467 s'}]}
[2019-11-04 16:19:39,828] [views.py:1123] [views:case_run] [INFO]- 用户 lixiaofeng 在 2 环境 运行用例 45 .
[2019-11-04 16:19:39,846] [execute.py:108] [execute:test_case] [INFO]- interface response data: {'class_name': 'Test_execute', 'func_name': 'test_case', 'method_doc': '接口测试用例', 'case_id': '45', 'result': 'error', 'case_name': '测试body参数接口用例', 'step_list': [{'url': '/post_body/', 'header': {}, 'body': 'error', 'if_id': '445', 'if_name': '测试body参数接口', 'method': 'post', 'data_type': 'json', 'result': 'error', 'checkpoint': '', 'res_content': 'eval()错误，请检查是body参数是否支持eval函数操作！', 'error': 'eval()错误，请前往【用例管理】页面核实相关参数配置！', 'msg': 'eval()错误，请前往【用例管理】页面核实相关参数配置！'}]}
[2019-11-04 16:19:56,483] [views.py:1123] [views:case_run] [INFO]- 用户 lixiaofeng 在 2 环境 运行用例 45 .
[2019-11-04 16:19:56,531] [execute.py:108] [execute:test_case] [INFO]- interface response data: {'class_name': 'Test_execute', 'func_name': 'test_case', 'method_doc': '接口测试用例', 'case_id': '45', 'case_name': '测试body参数接口用例', 'step_list': [{'url': 'http://www.easytest.xyz/mocks/post_body/', 'header': {}, 'body': {'grantCouponToUserDto': {'userId': 13000302, 'activityCode': '1001AG111', 'grantNum': 1, 'distExport': '接口发券'}}, 'if_id': '445', 'if_name': '测试body参数接口', 'method': 'post', 'data_type': 'json', 'base_url': 'http://www.easytest.xyz/mocks', 'res_status_code': 200, 'res_content': {'code': 200, 'data': 'body参数'}, 'result': 'pass', 'msg': 'success！    ', 'checkpoint': '字段：code--> 值：200    ', 'interface_totalTime': '0.0465 s'}]}
[2019-11-04 16:20:40,306] [views.py:1123] [views:case_run] [INFO]- 用户 lixiaofeng 在 2 环境 运行用例 45 .
[2019-11-04 16:20:40,375] [execute.py:108] [execute:test_case] [INFO]- interface response data: {'class_name': 'Test_execute', 'func_name': 'test_case', 'method_doc': '接口测试用例', 'case_id': '45', 'case_name': '测试body参数接口用例', 'step_list': [{'url': 'http://www.easytest.xyz/mocks/post_body/', 'header': {}, 'body': {'grantCouponToUserDto': {'userId': 13000302, 'activityCode': '1001AG111', 'grantNum': 1, 'distExport': '接口发券'}}, 'if_id': '445', 'if_name': '测试body参数接口', 'method': 'post', 'data_type': 'json', 'base_url': 'http://www.easytest.xyz/mocks', 'res_status_code': 200, 'res_content': {'code': 200, 'data': 'body参数'}, 'result': 'pass', 'msg': 'success！    ', 'checkpoint': '字段：code--> 值：200    ', 'interface_totalTime': '0.0686 s'}]}
[2019-11-04 17:38:41,222] [views.py:335] [views:server_error] [ERROR]- -------------------->500 error<--------------------
[2019-11-04 17:38:41,305] [views.py:329] [views:page_not_found] [ERROR]- -------------------->404 error<--------------------
[2019-11-04 17:38:44,011] [views.py:335] [views:server_error] [ERROR]- -------------------->500 error<--------------------
[2019-11-04 17:38:44,298] [views.py:329] [views:page_not_found] [ERROR]- -------------------->404 error<--------------------
[2019-11-04 18:15:58,900] [views.py:96] [views:index] [INFO]- 同时在线人员：['127.0.0.1']
[2019-11-04 18:15:58,992] [views.py:329] [views:page_not_found] [ERROR]- -------------------->404 error<--------------------
[2019-11-04 18:15:59,266] [views.py:329] [views:page_not_found] [ERROR]- -------------------->404 error<--------------------
[2019-11-04 18:15:59,271] [views.py:329] [views:page_not_found] [ERROR]- -------------------->404 error<--------------------
[2019-11-04 18:15:59,272] [views.py:329] [views:page_not_found] [ERROR]- -------------------->404 error<--------------------
[2019-11-04 18:15:59,273] [views.py:329] [views:page_not_found] [ERROR]- -------------------->404 error<--------------------
[2019-11-04 18:15:59,274] [views.py:329] [views:page_not_found] [ERROR]- -------------------->404 error<--------------------
[2019-11-04 18:15:59,300] [views.py:329] [views:page_not_found] [ERROR]- -------------------->404 error<--------------------
[2019-11-04 18:15:59,573] [views.py:329] [views:page_not_found] [ERROR]- -------------------->404 error<--------------------
[2019-11-04 18:15:59,583] [views.py:329] [views:page_not_found] [ERROR]- -------------------->404 error<--------------------
[2019-11-04 18:16:04,690] [views.py:96] [views:index] [INFO]- 同时在线人员：['127.0.0.1']
[2019-11-04 18:16:04,709] [views.py:329] [views:page_not_found] [ERROR]- -------------------->404 error<--------------------
[2019-11-04 18:16:04,710] [views.py:329] [views:page_not_found] [ERROR]- -------------------->404 error<--------------------
[2019-11-04 18:16:05,012] [views.py:329] [views:page_not_found] [ERROR]- -------------------->404 error<--------------------
[2019-11-04 18:16:05,016] [views.py:329] [views:page_not_found] [ERROR]- -------------------->404 error<--------------------
[2019-11-04 18:16:05,018] [views.py:329] [views:page_not_found] [ERROR]- -------------------->404 error<--------------------
[2019-11-04 18:16:05,020] [views.py:329] [views:page_not_found] [ERROR]- -------------------->404 error<--------------------
[2019-11-04 18:16:05,031] [views.py:329] [views:page_not_found] [ERROR]- -------------------->404 error<--------------------
[2019-11-04 18:16:05,032] [views.py:329] [views:page_not_found] [ERROR]- -------------------->404 error<--------------------
[2019-11-04 18:16:13,984] [views.py:96] [views:index] [INFO]- 同时在线人员：['127.0.0.1']
[2019-11-04 18:16:14,003] [views.py:329] [views:page_not_found] [ERROR]- -------------------->404 error<--------------------
[2019-11-04 18:16:14,307] [views.py:329] [views:page_not_found] [ERROR]- -------------------->404 error<--------------------
[2019-11-04 18:16:14,310] [views.py:329] [views:page_not_found] [ERROR]- -------------------->404 error<--------------------
[2019-11-04 18:16:14,316] [views.py:329] [views:page_not_found] [ERROR]- -------------------->404 error<--------------------
[2019-11-04 18:16:14,322] [views.py:329] [views:page_not_found] [ERROR]- -------------------->404 error<--------------------
[2019-11-04 18:16:14,328] [views.py:329] [views:page_not_found] [ERROR]- -------------------->404 error<--------------------
[2019-11-04 18:16:14,332] [views.py:329] [views:page_not_found] [ERROR]- -------------------->404 error<--------------------
[2019-11-04 18:16:14,676] [views.py:329] [views:page_not_found] [ERROR]- -------------------->404 error<--------------------
[2019-11-04 18:16:20,468] [views.py:96] [views:index] [INFO]- 同时在线人员：['127.0.0.1']
